Analysis & Synthesis report for main
Wed Jul 06 12:49:28 2016
Quartus Prime Version 16.0.0 Build 211 04/27/2016 SJ Lite Edition


---------------------
; Table of Contents ;
---------------------
  1. Legal Notice
  2. Analysis & Synthesis Summary
  3. Analysis & Synthesis Settings
  4. Parallel Compilation
  5. Analysis & Synthesis Source Files Read
  6. Analysis & Synthesis Resource Usage Summary
  7. Analysis & Synthesis Resource Utilization by Entity
  8. User-Specified and Inferred Latches
  9. General Register Statistics
 10. Multiplexer Restructuring Statistics (Restructuring Performed)
 11. Parameter Settings for User Entity Instance: WheelDecoder:IC1
 12. Parameter Settings for User Entity Instance: spi_slave:IC2
 13. Port Connectivity Checks: "spi_slave:IC2"
 14. Analysis & Synthesis Messages



----------------
; Legal Notice ;
----------------
Copyright (C) 1991-2016 Altera Corporation. All rights reserved.
Your use of Altera Corporation's design tools, logic functions 
and other software and tools, and its AMPP partner logic 
functions, and any output files from any of the foregoing 
(including device programming or simulation files), and any 
associated documentation or information are expressly subject 
to the terms and conditions of the Altera Program License 
Subscription Agreement, the Altera Quartus Prime License Agreement,
the Altera MegaCore Function License Agreement, or other 
applicable license agreement, including, without limitation, 
that your use is for the sole purpose of programming logic 
devices manufactured by Altera and sold by Altera or its 
authorized distributors.  Please refer to the applicable 
agreement for further details.



+---------------------------------------------------------------------------+
; Analysis & Synthesis Summary                                              ;
+-----------------------------+---------------------------------------------+
; Analysis & Synthesis Status ; Successful - Wed Jul 06 12:49:28 2016       ;
; Quartus Prime Version       ; 16.0.0 Build 211 04/27/2016 SJ Lite Edition ;
; Revision Name               ; main                                        ;
; Top-level Entity Name       ; main                                        ;
; Family                      ; MAX II                                      ;
; Total logic elements        ; 211                                         ;
; Total pins                  ; 47                                          ;
; Total virtual pins          ; 0                                           ;
; UFM blocks                  ; 0 / 1 ( 0 % )                               ;
+-----------------------------+---------------------------------------------+


+----------------------------------------------------------------------------------------------------------------------+
; Analysis & Synthesis Settings                                                                                        ;
+----------------------------------------------------------------------------+--------------------+--------------------+
; Option                                                                     ; Setting            ; Default Value      ;
+----------------------------------------------------------------------------+--------------------+--------------------+
; Device                                                                     ; EPM240T100C5       ;                    ;
; Top-level entity name                                                      ; main               ; main               ;
; Family name                                                                ; MAX II             ; Cyclone IV GX      ;
; Use smart compilation                                                      ; Off                ; Off                ;
; Enable parallel Assembler and TimeQuest Timing Analyzer during compilation ; On                 ; On                 ;
; Enable compact report table                                                ; Off                ; Off                ;
; Restructure Multiplexers                                                   ; Auto               ; Auto               ;
; Create Debugging Nodes for IP Cores                                        ; Off                ; Off                ;
; Preserve fewer node names                                                  ; On                 ; On                 ;
; Disable OpenCore Plus hardware evaluation                                  ; Off                ; Off                ;
; Verilog Version                                                            ; Verilog_2001       ; Verilog_2001       ;
; VHDL Version                                                               ; VHDL_1993          ; VHDL_1993          ;
; State Machine Processing                                                   ; Auto               ; Auto               ;
; Safe State Machine                                                         ; Off                ; Off                ;
; Extract Verilog State Machines                                             ; On                 ; On                 ;
; Extract VHDL State Machines                                                ; On                 ; On                 ;
; Ignore Verilog initial constructs                                          ; Off                ; Off                ;
; Iteration limit for constant Verilog loops                                 ; 5000               ; 5000               ;
; Iteration limit for non-constant Verilog loops                             ; 250                ; 250                ;
; Add Pass-Through Logic to Inferred RAMs                                    ; On                 ; On                 ;
; Infer RAMs from Raw Logic                                                  ; On                 ; On                 ;
; Parallel Synthesis                                                         ; On                 ; On                 ;
; NOT Gate Push-Back                                                         ; On                 ; On                 ;
; Power-Up Don't Care                                                        ; On                 ; On                 ;
; Remove Redundant Logic Cells                                               ; Off                ; Off                ;
; Remove Duplicate Registers                                                 ; On                 ; On                 ;
; Ignore CARRY Buffers                                                       ; Off                ; Off                ;
; Ignore CASCADE Buffers                                                     ; Off                ; Off                ;
; Ignore GLOBAL Buffers                                                      ; Off                ; Off                ;
; Ignore ROW GLOBAL Buffers                                                  ; Off                ; Off                ;
; Ignore LCELL Buffers                                                       ; Off                ; Off                ;
; Ignore SOFT Buffers                                                        ; On                 ; On                 ;
; Limit AHDL Integers to 32 Bits                                             ; Off                ; Off                ;
; Optimization Technique                                                     ; Balanced           ; Balanced           ;
; Carry Chain Length                                                         ; 70                 ; 70                 ;
; Auto Carry Chains                                                          ; On                 ; On                 ;
; Auto Open-Drain Pins                                                       ; On                 ; On                 ;
; Perform WYSIWYG Primitive Resynthesis                                      ; Off                ; Off                ;
; Auto Shift Register Replacement                                            ; Auto               ; Auto               ;
; Allow Shift Register Merging across Hierarchies                            ; Auto               ; Auto               ;
; Auto Clock Enable Replacement                                              ; On                 ; On                 ;
; Allow Synchronous Control Signals                                          ; On                 ; On                 ;
; Force Use of Synchronous Clear Signals                                     ; Off                ; Off                ;
; Auto Resource Sharing                                                      ; Off                ; Off                ;
; Use LogicLock Constraints during Resource Balancing                        ; On                 ; On                 ;
; Ignore translate_off and synthesis_off directives                          ; Off                ; Off                ;
; Report Parameter Settings                                                  ; On                 ; On                 ;
; Report Source Assignments                                                  ; On                 ; On                 ;
; Report Connectivity Checks                                                 ; On                 ; On                 ;
; Ignore Maximum Fan-Out Assignments                                         ; Off                ; Off                ;
; Synchronization Register Chain Length                                      ; 2                  ; 2                  ;
; PowerPlay Power Optimization During Synthesis                              ; Normal compilation ; Normal compilation ;
; HDL message level                                                          ; Level2             ; Level2             ;
; Suppress Register Optimization Related Messages                            ; Off                ; Off                ;
; Number of Removed Registers Reported in Synthesis Report                   ; 5000               ; 5000               ;
; Number of Swept Nodes Reported in Synthesis Report                         ; 5000               ; 5000               ;
; Number of Inverted Registers Reported in Synthesis Report                  ; 100                ; 100                ;
; Clock MUX Protection                                                       ; On                 ; On                 ;
; Block Design Naming                                                        ; Auto               ; Auto               ;
; Synthesis Effort                                                           ; Auto               ; Auto               ;
; Shift Register Replacement - Allow Asynchronous Clear Signal               ; On                 ; On                 ;
; Analysis & Synthesis Message Level                                         ; Medium             ; Medium             ;
; Disable Register Merging Across Hierarchies                                ; Auto               ; Auto               ;
; Synthesis Seed                                                             ; 1                  ; 1                  ;
+----------------------------------------------------------------------------+--------------------+--------------------+


Parallel compilation was disabled, but you have multiple processors available. Enable parallel compilation to reduce compilation time.
+-------------------------------------+
; Parallel Compilation                ;
+----------------------------+--------+
; Processors                 ; Number ;
+----------------------------+--------+
; Number detected on machine ; 8      ;
; Maximum allowed            ; 1      ;
+----------------------------+--------+


+-----------------------------------------------------------------------------------------------------------------------------------------------------------------------------------------------------+
; Analysis & Synthesis Source Files Read                                                                                                                                                              ;
+----------------------------------+-----------------+-----------------+--------------------------------------------------------------------------------------------------------------------+---------+
; File Name with User-Entered Path ; Used in Netlist ; File Type       ; File Name with Absolute Path                                                                                       ; Library ;
+----------------------------------+-----------------+-----------------+--------------------------------------------------------------------------------------------------------------------+---------+
; main.vhd                         ; yes             ; User VHDL File  ; D:/Developments/Elektronika/Motor Control/Brushless DC Motors (BLDC)/BLDC Servo/src/v.0.0.0/CPLD/main.vhd          ;         ;
; spi_slave.vhd                    ; yes             ; User VHDL File  ; D:/Developments/Elektronika/Motor Control/Brushless DC Motors (BLDC)/BLDC Servo/src/v.0.0.0/CPLD/spi_slave.vhd     ;         ;
; WheelDecoder.vhdl                ; yes             ; User VHDL File  ; D:/Developments/Elektronika/Motor Control/Brushless DC Motors (BLDC)/BLDC Servo/src/v.0.0.0/CPLD/WheelDecoder.vhdl ;         ;
+----------------------------------+-----------------+-----------------+--------------------------------------------------------------------------------------------------------------------+---------+


+--------------------------------------------------------+
; Analysis & Synthesis Resource Usage Summary            ;
+---------------------------------------------+----------+
; Resource                                    ; Usage    ;
+---------------------------------------------+----------+
; Total logic elements                        ; 211      ;
;     -- Combinational with no register       ; 92       ;
;     -- Register only                        ; 44       ;
;     -- Combinational with a register        ; 75       ;
;                                             ;          ;
; Logic element usage by number of LUT inputs ;          ;
;     -- 4 input functions                    ; 74       ;
;     -- 3 input functions                    ; 64       ;
;     -- 2 input functions                    ; 26       ;
;     -- 1 input functions                    ; 3        ;
;     -- 0 input functions                    ; 0        ;
;                                             ;          ;
; Logic elements by mode                      ;          ;
;     -- normal mode                          ; 161      ;
;     -- arithmetic mode                      ; 50       ;
;     -- qfbk mode                            ; 0        ;
;     -- register cascade mode                ; 0        ;
;     -- synchronous clear/load mode          ; 34       ;
;     -- asynchronous clear/load mode         ; 14       ;
;                                             ;          ;
; Total registers                             ; 119      ;
; Total logic cells in carry chains           ; 55       ;
; I/O pins                                    ; 47       ;
; Maximum fan-out node                        ; sys_clk0 ;
; Maximum fan-out                             ; 45       ;
; Total fan-out                               ; 834      ;
; Average fan-out                             ; 3.23     ;
+---------------------------------------------+----------+


+----------------------------------------------------------------------------------------------------------------------------------------------------------------------------------------------------------------------------------------+
; Analysis & Synthesis Resource Utilization by Entity                                                                                                                                                                                    ;
+----------------------------+-------------+--------------+------------+------+--------------+--------------+-------------------+------------------+-----------------+------------+------------------------+--------------+--------------+
; Compilation Hierarchy Node ; Logic Cells ; LC Registers ; UFM Blocks ; Pins ; Virtual Pins ; LUT-Only LCs ; Register-Only LCs ; LUT/Register LCs ; Carry Chain LCs ; Packed LCs ; Full Hierarchy Name    ; Entity Name  ; Library Name ;
+----------------------------+-------------+--------------+------------+------+--------------+--------------+-------------------+------------------+-----------------+------------+------------------------+--------------+--------------+
; |main                      ; 211 (30)    ; 119          ; 0          ; 47   ; 0            ; 92 (0)       ; 44 (30)           ; 75 (0)           ; 55 (0)          ; 0 (0)      ; |main                  ; main         ; work         ;
;    |WheelDecoder:IC1|      ; 51 (51)     ; 45           ; 0          ; 0    ; 0            ; 6 (6)        ; 6 (6)             ; 39 (39)          ; 32 (32)         ; 0 (0)      ; |main|WheelDecoder:IC1 ; WheelDecoder ; work         ;
;    |spi_slave:IC2|         ; 130 (130)   ; 44           ; 0          ; 0    ; 0            ; 86 (86)      ; 8 (8)             ; 36 (36)          ; 23 (23)         ; 0 (0)      ; |main|spi_slave:IC2    ; spi_slave    ; work         ;
+----------------------------+-------------+--------------+------------+------+--------------+--------------+-------------------+------------------+-----------------+------------+------------------------+--------------+--------------+
Note: For table entries with two numbers listed, the numbers in parentheses indicate the number of resources of the given type used by the specific entity alone. The numbers listed outside of parentheses indicate the total resources of the given type used by the specific entity and all of its sub-entities in the hierarchy.


+-------------------------------------------------------------------------------------------------------------------------+
; User-Specified and Inferred Latches                                                                                     ;
+-----------------------------------------------------+------------------------------------------+------------------------+
; Latch Name                                          ; Latch Enable Signal                      ; Free of Timing Hazards ;
+-----------------------------------------------------+------------------------------------------+------------------------+
; spi_slave:IC2|miso$latch                            ; spi_slave:IC2|miso                       ; yes                    ;
; spi_slave:IC2|miso_587                              ; spi_slave:IC2|miso                       ; yes                    ;
; spi_slave:IC2|rd_encoder                            ; spi_slave:IC2|rd_encoder                 ; yes                    ;
; spi_slave:IC2|wr_dacs                               ; spi_slave:IC2|wr_dacs                    ; yes                    ;
; spi_slave:IC2|rx_bit_counter_up_value[0]            ; spi_slave:IC2|rx_bit_counter_up_value[0] ; yes                    ;
; spi_slave:IC2|rx_bit_counter_up_value[1]            ; spi_slave:IC2|rx_bit_counter_up_value[0] ; yes                    ;
; spi_slave:IC2|rx_bit_counter_up_value[2]            ; spi_slave:IC2|rx_bit_counter_up_value[0] ; yes                    ;
; spi_slave:IC2|rx_bit_counter_up_value[3]            ; spi_slave:IC2|rx_bit_counter_up_value[0] ; yes                    ;
; spi_slave:IC2|rx_bit_counter_up_value[4]            ; spi_slave:IC2|rx_bit_counter_up_value[0] ; yes                    ;
; spi_slave:IC2|rx_bit_counter_up_value[5]            ; spi_slave:IC2|rx_bit_counter_up_value[0] ; yes                    ;
; Number of user-specified and inferred latches = 10  ;                                          ;                        ;
+-----------------------------------------------------+------------------------------------------+------------------------+
Note: All latches listed above may not be present at the end of synthesis due to various synthesis optimizations.


+------------------------------------------------------+
; General Register Statistics                          ;
+----------------------------------------------+-------+
; Statistic                                    ; Value ;
+----------------------------------------------+-------+
; Total registers                              ; 119   ;
; Number of registers using Synchronous Clear  ; 34    ;
; Number of registers using Synchronous Load   ; 0     ;
; Number of registers using Asynchronous Clear ; 14    ;
; Number of registers using Asynchronous Load  ; 0     ;
; Number of registers using Clock Enable       ; 45    ;
; Number of registers using Preset             ; 0     ;
+----------------------------------------------+-------+


+--------------------------------------------------------------------------------------------------------------------------------------------------+
; Multiplexer Restructuring Statistics (Restructuring Performed)                                                                                   ;
+--------------------+-----------+---------------+----------------------+------------------------+------------+------------------------------------+
; Multiplexer Inputs ; Bus Width ; Baseline Area ; Area if Restructured ; Saving if Restructured ; Registered ; Example Multiplexer Output         ;
+--------------------+-----------+---------------+----------------------+------------------------+------------+------------------------------------+
; 3:1                ; 32 bits   ; 64 LEs        ; 32 LEs               ; 32 LEs                 ; Yes        ; |main|WheelDecoder:IC1|counter[15] ;
; 3:1                ; 6 bits    ; 12 LEs        ; 6 LEs                ; 6 LEs                  ; Yes        ; |main|WheelDecoder:IC1|shiftA[3]   ;
+--------------------+-----------+---------------+----------------------+------------------------+------------+------------------------------------+


+---------------------------------------------------------------+
; Parameter Settings for User Entity Instance: WheelDecoder:IC1 ;
+----------------+----------+-----------------------------------+
; Parameter Name ; Value    ; Type                              ;
+----------------+----------+-----------------------------------+
; clk_freq       ; 50000000 ; Signed Integer                    ;
+----------------+----------+-----------------------------------+
Note: In order to hide this table in the UI and the text report file, please set the "Show Parameter Settings in Synthesis Report" option in "Analysis and Synthesis Settings -> More Settings" to "Off".


+------------------------------------------------------------+
; Parameter Settings for User Entity Instance: spi_slave:IC2 ;
+----------------+-------+-----------------------------------+
; Parameter Name ; Value ; Type                              ;
+----------------+-------+-----------------------------------+
; cpol           ; '0'   ; Enumerated                        ;
; cpha           ; '0'   ; Enumerated                        ;
+----------------+-------+-----------------------------------+
Note: In order to hide this table in the UI and the text report file, please set the "Show Parameter Settings in Synthesis Report" option in "Analysis and Synthesis Settings -> More Settings" to "Off".


+----------------------------------------------------------------------------------------------------------------------------+
; Port Connectivity Checks: "spi_slave:IC2"                                                                                  ;
+------------------+--------+----------+-------------------------------------------------------------------------------------+
; Port             ; Type   ; Severity ; Details                                                                             ;
+------------------+--------+----------+-------------------------------------------------------------------------------------+
; led1             ; Output ; Info     ; Connected to dangling logic. Logic that only feeds a dangling port will be removed. ;
; reg_dacs[45..40] ; Bidir  ; Warning  ; Connected to dangling logic. Logic that only feeds a dangling port will be removed. ;
; reg_dacs[29..24] ; Bidir  ; Warning  ; Connected to dangling logic. Logic that only feeds a dangling port will be removed. ;
; reg_dacs[13..8]  ; Bidir  ; Warning  ; Connected to dangling logic. Logic that only feeds a dangling port will be removed. ;
+------------------+--------+----------+-------------------------------------------------------------------------------------+


+-------------------------------+
; Analysis & Synthesis Messages ;
+-------------------------------+
Info: *******************************************************************
Info: Running Quartus Prime Analysis & Synthesis
    Info: Version 16.0.0 Build 211 04/27/2016 SJ Lite Edition
    Info: Processing started: Wed Jul 06 12:49:17 2016
Info: Command: quartus_map --read_settings_files=on --write_settings_files=off main -c main
Warning (20028): Parallel compilation is not licensed and has been disabled
Info (12021): Found 2 design units, including 1 entities, in source file main.vhd
    Info (12022): Found design unit 1: main-behv File: D:/Developments/Elektronika/Motor Control/Brushless DC Motors (BLDC)/BLDC Servo/src/v.0.0.0/CPLD/main.vhd Line: 35
    Info (12023): Found entity 1: main File: D:/Developments/Elektronika/Motor Control/Brushless DC Motors (BLDC)/BLDC Servo/src/v.0.0.0/CPLD/main.vhd Line: 4
Info (12021): Found 2 design units, including 1 entities, in source file spi_slave.vhd
    Info (12022): Found design unit 1: spi_slave-behv File: D:/Developments/Elektronika/Motor Control/Brushless DC Motors (BLDC)/BLDC Servo/src/v.0.0.0/CPLD/spi_slave.vhd Line: 24
    Info (12023): Found entity 1: spi_slave File: D:/Developments/Elektronika/Motor Control/Brushless DC Motors (BLDC)/BLDC Servo/src/v.0.0.0/CPLD/spi_slave.vhd Line: 5
Info (12021): Found 2 design units, including 1 entities, in source file wheeldecoder.vhdl
    Info (12022): Found design unit 1: WheelDecoder-Arch File: D:/Developments/Elektronika/Motor Control/Brushless DC Motors (BLDC)/BLDC Servo/src/v.0.0.0/CPLD/WheelDecoder.vhdl Line: 21
    Info (12023): Found entity 1: WheelDecoder File: D:/Developments/Elektronika/Motor Control/Brushless DC Motors (BLDC)/BLDC Servo/src/v.0.0.0/CPLD/WheelDecoder.vhdl Line: 6
Info (12127): Elaborating entity "main" for the top level hierarchy
Warning (10541): VHDL Signal Declaration warning at main.vhd(8): used implicit default value for signal "led1" because signal was never assigned a value or an explicit default value. Use of implicit default value may introduce unintended design optimizations. File: D:/Developments/Elektronika/Motor Control/Brushless DC Motors (BLDC)/BLDC Servo/src/v.0.0.0/CPLD/main.vhd Line: 8
Warning (10036): Verilog HDL or VHDL warning at main.vhd(77): object "temp" assigned a value but never read File: D:/Developments/Elektronika/Motor Control/Brushless DC Motors (BLDC)/BLDC Servo/src/v.0.0.0/CPLD/main.vhd Line: 77
Warning (10036): Verilog HDL or VHDL warning at main.vhd(81): object "hall_new" assigned a value but never read File: D:/Developments/Elektronika/Motor Control/Brushless DC Motors (BLDC)/BLDC Servo/src/v.0.0.0/CPLD/main.vhd Line: 81
Info (12128): Elaborating entity "WheelDecoder" for hierarchy "WheelDecoder:IC1" File: D:/Developments/Elektronika/Motor Control/Brushless DC Motors (BLDC)/BLDC Servo/src/v.0.0.0/CPLD/main.vhd Line: 93
Info (12128): Elaborating entity "spi_slave" for hierarchy "spi_slave:IC2" File: D:/Developments/Elektronika/Motor Control/Brushless DC Motors (BLDC)/BLDC Servo/src/v.0.0.0/CPLD/main.vhd Line: 104
Warning (10541): VHDL Signal Declaration warning at spi_slave.vhd(18): used implicit default value for signal "led1" because signal was never assigned a value or an explicit default value. Use of implicit default value may introduce unintended design optimizations. File: D:/Developments/Elektronika/Motor Control/Brushless DC Motors (BLDC)/BLDC Servo/src/v.0.0.0/CPLD/spi_slave.vhd Line: 18
Warning (10036): Verilog HDL or VHDL warning at spi_slave.vhd(30): object "wr_encoder" assigned a value but never read File: D:/Developments/Elektronika/Motor Control/Brushless DC Motors (BLDC)/BLDC Servo/src/v.0.0.0/CPLD/spi_slave.vhd Line: 30
Warning (10492): VHDL Process Statement warning at spi_slave.vhd(58): signal "rx_bit_counter" is read inside the Process Statement but isn't in the Process Statement's sensitivity list File: D:/Developments/Elektronika/Motor Control/Brushless DC Motors (BLDC)/BLDC Servo/src/v.0.0.0/CPLD/spi_slave.vhd Line: 58
Warning (10492): VHDL Process Statement warning at spi_slave.vhd(58): signal "rx_bit_counter_up_value" is read inside the Process Statement but isn't in the Process Statement's sensitivity list File: D:/Developments/Elektronika/Motor Control/Brushless DC Motors (BLDC)/BLDC Servo/src/v.0.0.0/CPLD/spi_slave.vhd Line: 58
Warning (10492): VHDL Process Statement warning at spi_slave.vhd(59): signal "rx_buf" is read inside the Process Statement but isn't in the Process Statement's sensitivity list File: D:/Developments/Elektronika/Motor Control/Brushless DC Motors (BLDC)/BLDC Servo/src/v.0.0.0/CPLD/spi_slave.vhd Line: 59
Warning (10492): VHDL Process Statement warning at spi_slave.vhd(64): signal "rx_buf" is read inside the Process Statement but isn't in the Process Statement's sensitivity list File: D:/Developments/Elektronika/Motor Control/Brushless DC Motors (BLDC)/BLDC Servo/src/v.0.0.0/CPLD/spi_slave.vhd Line: 64
Warning (10631): VHDL Process Statement warning at spi_slave.vhd(33): inferring latch(es) for signal or variable "rx_bit_counter_up_value", which holds its previous value in one or more paths through the process File: D:/Developments/Elektronika/Motor Control/Brushless DC Motors (BLDC)/BLDC Servo/src/v.0.0.0/CPLD/spi_slave.vhd Line: 33
Warning (10631): VHDL Process Statement warning at spi_slave.vhd(33): inferring latch(es) for signal or variable "rd_encoder", which holds its previous value in one or more paths through the process File: D:/Developments/Elektronika/Motor Control/Brushless DC Motors (BLDC)/BLDC Servo/src/v.0.0.0/CPLD/spi_slave.vhd Line: 33
Warning (10631): VHDL Process Statement warning at spi_slave.vhd(33): inferring latch(es) for signal or variable "wr_dacs", which holds its previous value in one or more paths through the process File: D:/Developments/Elektronika/Motor Control/Brushless DC Motors (BLDC)/BLDC Servo/src/v.0.0.0/CPLD/spi_slave.vhd Line: 33
Warning (10492): VHDL Process Statement warning at spi_slave.vhd(78): signal "rx_bit_counter" is read inside the Process Statement but isn't in the Process Statement's sensitivity list File: D:/Developments/Elektronika/Motor Control/Brushless DC Motors (BLDC)/BLDC Servo/src/v.0.0.0/CPLD/spi_slave.vhd Line: 78
Warning (10492): VHDL Process Statement warning at spi_slave.vhd(78): signal "rx_bit_counter_up_value" is read inside the Process Statement but isn't in the Process Statement's sensitivity list File: D:/Developments/Elektronika/Motor Control/Brushless DC Motors (BLDC)/BLDC Servo/src/v.0.0.0/CPLD/spi_slave.vhd Line: 78
Warning (10492): VHDL Process Statement warning at spi_slave.vhd(80): signal "reg_encoder1" is read inside the Process Statement but isn't in the Process Statement's sensitivity list File: D:/Developments/Elektronika/Motor Control/Brushless DC Motors (BLDC)/BLDC Servo/src/v.0.0.0/CPLD/spi_slave.vhd Line: 80
Warning (10492): VHDL Process Statement warning at spi_slave.vhd(80): signal "rx_bit_counter" is read inside the Process Statement but isn't in the Process Statement's sensitivity list File: D:/Developments/Elektronika/Motor Control/Brushless DC Motors (BLDC)/BLDC Servo/src/v.0.0.0/CPLD/spi_slave.vhd Line: 80
Warning (10631): VHDL Process Statement warning at spi_slave.vhd(73): inferring latch(es) for signal or variable "miso", which holds its previous value in one or more paths through the process File: D:/Developments/Elektronika/Motor Control/Brushless DC Motors (BLDC)/BLDC Servo/src/v.0.0.0/CPLD/spi_slave.vhd Line: 73
Info (10041): Inferred latch for "miso" at spi_slave.vhd(73) File: D:/Developments/Elektronika/Motor Control/Brushless DC Motors (BLDC)/BLDC Servo/src/v.0.0.0/CPLD/spi_slave.vhd Line: 73
Info (10041): Inferred latch for "wr_dacs" at spi_slave.vhd(33) File: D:/Developments/Elektronika/Motor Control/Brushless DC Motors (BLDC)/BLDC Servo/src/v.0.0.0/CPLD/spi_slave.vhd Line: 33
Info (10041): Inferred latch for "rd_encoder" at spi_slave.vhd(33) File: D:/Developments/Elektronika/Motor Control/Brushless DC Motors (BLDC)/BLDC Servo/src/v.0.0.0/CPLD/spi_slave.vhd Line: 33
Info (10041): Inferred latch for "rx_bit_counter_up_value[0]" at spi_slave.vhd(33) File: D:/Developments/Elektronika/Motor Control/Brushless DC Motors (BLDC)/BLDC Servo/src/v.0.0.0/CPLD/spi_slave.vhd Line: 33
Info (10041): Inferred latch for "rx_bit_counter_up_value[1]" at spi_slave.vhd(33) File: D:/Developments/Elektronika/Motor Control/Brushless DC Motors (BLDC)/BLDC Servo/src/v.0.0.0/CPLD/spi_slave.vhd Line: 33
Info (10041): Inferred latch for "rx_bit_counter_up_value[2]" at spi_slave.vhd(33) File: D:/Developments/Elektronika/Motor Control/Brushless DC Motors (BLDC)/BLDC Servo/src/v.0.0.0/CPLD/spi_slave.vhd Line: 33
Info (10041): Inferred latch for "rx_bit_counter_up_value[3]" at spi_slave.vhd(33) File: D:/Developments/Elektronika/Motor Control/Brushless DC Motors (BLDC)/BLDC Servo/src/v.0.0.0/CPLD/spi_slave.vhd Line: 33
Info (10041): Inferred latch for "rx_bit_counter_up_value[4]" at spi_slave.vhd(33) File: D:/Developments/Elektronika/Motor Control/Brushless DC Motors (BLDC)/BLDC Servo/src/v.0.0.0/CPLD/spi_slave.vhd Line: 33
Info (10041): Inferred latch for "rx_bit_counter_up_value[5]" at spi_slave.vhd(33) File: D:/Developments/Elektronika/Motor Control/Brushless DC Motors (BLDC)/BLDC Servo/src/v.0.0.0/CPLD/spi_slave.vhd Line: 33
Warning (12241): 1 hierarchies have connectivity warnings - see the Connectivity Checks report folder
Warning (13012): Latch spi_slave:IC2|rx_bit_counter_up_value[4] has unsafe behavior File: D:/Developments/Elektronika/Motor Control/Brushless DC Motors (BLDC)/BLDC Servo/src/v.0.0.0/CPLD/spi_slave.vhd Line: 33
    Warning (13013): Ports D and ENA on the latch are fed by the same signal spi_slave:IC2|rx_buf[0] File: D:/Developments/Elektronika/Motor Control/Brushless DC Motors (BLDC)/BLDC Servo/src/v.0.0.0/CPLD/spi_slave.vhd Line: 46
Warning (13024): Output pins are stuck at VCC or GND
    Warning (13410): Pin "led1" is stuck at GND File: D:/Developments/Elektronika/Motor Control/Brushless DC Motors (BLDC)/BLDC Servo/src/v.0.0.0/CPLD/main.vhd Line: 8
Warning (21074): Design contains 1 input pin(s) that do not drive logic
    Warning (15610): No output dependent on input pin "encoder1_z" File: D:/Developments/Elektronika/Motor Control/Brushless DC Motors (BLDC)/BLDC Servo/src/v.0.0.0/CPLD/main.vhd Line: 17
Info (21057): Implemented 258 device resources after synthesis - the final resource count might be different
    Info (21058): Implemented 12 input pins
    Info (21059): Implemented 35 output pins
    Info (21061): Implemented 211 logic cells
Info: Quartus Prime Analysis & Synthesis was successful. 0 errors, 25 warnings
    Info: Peak virtual memory: 820 megabytes
    Info: Processing ended: Wed Jul 06 12:49:28 2016
    Info: Elapsed time: 00:00:11
    Info: Total CPU time (on all processors): 00:00:25


