Assembler report for main
Wed Jul 06 12:49:33 2016
Quartus Prime Version 16.0.0 Build 211 04/27/2016 SJ Lite Edition


---------------------
; Table of Contents ;
---------------------
  1. Legal Notice
  2. Assembler Summary
  3. Assembler Settings
  4. Assembler Generated Files
  5. Assembler Device Options: D:/Developments/Elektronika/Motor Control/Brushless DC Motors (BLDC)/BLDC Servo/src/v.0.0.0/CPLD/output_files/main.pof
  6. Assembler Messages



----------------
; Legal Notice ;
----------------
Copyright (C) 1991-2016 Altera Corporation. All rights reserved.
Your use of Altera Corporation's design tools, logic functions 
and other software and tools, and its AMPP partner logic 
functions, and any output files from any of the foregoing 
(including device programming or simulation files), and any 
associated documentation or information are expressly subject 
to the terms and conditions of the Altera Program License 
Subscription Agreement, the Altera Quartus Prime License Agreement,
the Altera MegaCore Function License Agreement, or other 
applicable license agreement, including, without limitation, 
that your use is for the sole purpose of programming logic 
devices manufactured by Altera and sold by Altera or its 
authorized distributors.  Please refer to the applicable 
agreement for further details.



+---------------------------------------------------------------+
; Assembler Summary                                             ;
+-----------------------+---------------------------------------+
; Assembler Status      ; Successful - Wed Jul 06 12:49:32 2016 ;
; Revision Name         ; main                                  ;
; Top-level Entity Name ; main                                  ;
; Family                ; MAX II                                ;
; Device                ; EPM240T100C5                          ;
+-----------------------+---------------------------------------+


+----------------------------------+
; Assembler Settings               ;
+--------+---------+---------------+
; Option ; Setting ; Default Value ;
+--------+---------+---------------+


+------------------------------------------------------------------------------------------------------------------------+
; Assembler Generated Files                                                                                              ;
+------------------------------------------------------------------------------------------------------------------------+
; File Name                                                                                                              ;
+------------------------------------------------------------------------------------------------------------------------+
; D:/Developments/Elektronika/Motor Control/Brushless DC Motors (BLDC)/BLDC Servo/src/v.0.0.0/CPLD/output_files/main.pof ;
+------------------------------------------------------------------------------------------------------------------------+


+--------------------------------------------------------------------------------------------------------------------------------------------------+
; Assembler Device Options: D:/Developments/Elektronika/Motor Control/Brushless DC Motors (BLDC)/BLDC Servo/src/v.0.0.0/CPLD/output_files/main.pof ;
+----------------+---------------------------------------------------------------------------------------------------------------------------------+
; Option         ; Setting                                                                                                                         ;
+----------------+---------------------------------------------------------------------------------------------------------------------------------+
; Device         ; EPM240T100C5                                                                                                                    ;
; JTAG usercode  ; 0x0016C5FA                                                                                                                      ;
; Checksum       ; 0x0016C872                                                                                                                      ;
+----------------+---------------------------------------------------------------------------------------------------------------------------------+


+--------------------+
; Assembler Messages ;
+--------------------+
Info: *******************************************************************
Info: Running Quartus Prime Assembler
    Info: Version 16.0.0 Build 211 04/27/2016 SJ Lite Edition
    Info: Processing started: Wed Jul 06 12:49:32 2016
Info: Command: quartus_asm --read_settings_files=off --write_settings_files=off main -c main
Info (115031): Writing out detailed assembly data for power analysis
Info (115030): Assembler is generating device programming files
Info: Quartus Prime Assembler was successful. 0 errors, 0 warnings
    Info: Peak virtual memory: 711 megabytes
    Info: Processing ended: Wed Jul 06 12:49:33 2016
    Info: Elapsed time: 00:00:01
    Info: Total CPU time (on all processors): 00:00:00


